INFO:     Started server process [45193]
INFO:     Waiting for application startup.
2025-09-30 13:44:03 [INFO] cache:46 - Redis connection established
2025-09-30 13:44:03 [INFO] backend.app.main.core:49 - Redis cache initialized successfully
2025-09-30 13:44:03 [INFO] backend.app.cache.async_redis:45 - Async Redis client initialized successfully
2025-09-30 13:44:03 [INFO] backend.app.services.system_metrics:123 - Started background system metrics collection
2025-09-30 13:44:03 [INFO] backend.app.main.core:92 - Legacy async Redis client initialized
2025-09-30 13:44:03 [INFO] backend.app.services.system_metrics:64 - Started system metrics background updater
INFO:     Application startup complete.
INFO:     Uvicorn running on http://127.0.0.1:8001 (Press CTRL+C to quit)
2025-09-30 13:44:12 [INFO] api.request:107 - HTTP request started
2025-09-30 13:44:12 [INFO] api.response:135 - HTTP request completed successfully
2025-09-30 13:44:19 [INFO] api.request:107 - HTTP request started
2025-09-30 13:44:19 [INFO] backend.app.repositories.sessions:56 - Created session 6034ce6a-9bd0-440c-910b-a717f9860d69 for user d45353cf-7502-427f-b112-19db47abc84d
2025-09-30 13:44:19 [INFO] backend.app.repositories.auth:88 - Successful authentication for user d45353cf-7502-427f-b112-19db47abc84d
2025-09-30 13:44:19 [INFO] api.response:135 - HTTP request completed successfully
2025-09-30 13:44:30 [INFO] api.request:107 - HTTP request started
2025-09-30 13:44:30 [WARNING] backend.app.auth.async_auth:69 - User d45353cf-7502-427f-b112-19db47abc84d lacks permission: roles:create
2025-09-30 13:44:30 [WARNING] api.response:133 - HTTP request completed with client error
2025-09-30 13:44:47 [INFO] api.request:107 - HTTP request started
2025-09-30 13:44:47 [WARNING] backend.app.auth.async_auth:69 - User d45353cf-7502-427f-b112-19db47abc84d lacks permission: roles:create
2025-09-30 13:44:47 [WARNING] api.response:133 - HTTP request completed with client error
2025-09-30 13:45:02 [INFO] api.request:107 - HTTP request started
2025-09-30 13:45:02 [INFO] backend.app.api.v1.async_roles:99 - Retrieved 0 roles for tenant 123e4567-e89b-12d3-a456-426614174000
2025-09-30 13:45:02 [INFO] api.response:135 - HTTP request completed successfully
2025-09-30 13:45:12 [INFO] api.request:107 - HTTP request started
2025-09-30 13:45:12 [WARNING] backend.app.auth.async_auth:69 - User d45353cf-7502-427f-b112-19db47abc84d lacks permission: read:protected
2025-09-30 13:45:12 [WARNING] api.response:133 - HTTP request completed with client error
2025-09-30 13:45:23 [INFO] api.request:107 - HTTP request started
2025-09-30 13:45:23 [WARNING] backend.app.auth.async_auth:96 - User d45353cf-7502-427f-b112-19db47abc84d attempted to access tenant 00000000-0000-0000-0000-000000000000, but belongs to 123e4567-e89b-12d3-a456-426614174000
2025-09-30 13:45:23 [WARNING] api.response:133 - HTTP request completed with client error
2025-09-30 13:45:35 [INFO] api.request:107 - HTTP request started
2025-09-30 13:45:35 [WARNING] api.response:133 - HTTP request completed with client error
2025-09-30 13:45:49 [INFO] api.request:107 - HTTP request started
2025-09-30 13:45:49 [WARNING] api.response:133 - HTTP request completed with client error
2025-09-30 13:45:59 [INFO] api.request:107 - HTTP request started
2025-09-30 13:45:59 [WARNING] backend.app.auth.async_auth:69 - User d45353cf-7502-427f-b112-19db47abc84d lacks permission: assign:role
2025-09-30 13:45:59 [WARNING] api.response:133 - HTTP request completed with client error
2025-09-30 13:46:09 [INFO] api.request:107 - HTTP request started
2025-09-30 13:46:09 [INFO] backend.app.api.v1.async_roles:99 - Retrieved 0 roles for tenant 123e4567-e89b-12d3-a456-426614174000
2025-09-30 13:46:09 [INFO] api.response:135 - HTTP request completed successfully
2025-09-30 13:46:18 [INFO] api.request:107 - HTTP request started
2025-09-30 13:46:18 [WARNING] api.response:133 - HTTP request completed with client error
2025-09-30 13:46:26 [INFO] api.request:107 - HTTP request started
2025-09-30 13:46:26 [WARNING] api.response:133 - HTTP request completed with client error
INFO:     Shutting down
INFO:     Waiting for application shutdown.
2025-09-30 13:46:36 [INFO] backend.app.main.core:104 - Redis connection closed
Exception in thread Thread-1 (run):
2025-09-30 13:46:36 [INFO] backend.app.services.system_metrics:136 - Stopped background system metrics collection
2025-09-30 13:46:36 [INFO] backend.app.cache.async_redis:63 - Async Redis client closed successfully
2025-09-30 13:46:36 [INFO] backend.app.main.core:135 - Async Redis client closed
INFO:     Application shutdown complete.
INFO:     Finished server process [45193]
